Diagnose log at 2026-07-01T12:27:56Z

AppPath: C:\Program Files\Git\mingw64\bin\git-credential-manager.exe
InstallDir: C:\Program Files\Git\mingw64\bin\
Version: 2.6.1+786ab03440ddc82e807a97c0e540f5247e44cec6

------------
Diagnostic: Environment
Skipped: False
Success: True
Exception: None
Log:
OSType: Windows
OSVersion: 10.0 (build 26200)
Reading environment variables... OK
 Variables:
HOMEPATH=\Users\ASUS
DriverData=C:\Windows\System32\Drivers\DriverData
COMPUTERNAME=LAPTOP-NGUL725J
GIT_TRACE2_PARENT_SID=0f72ee92-fa3f-4697-8152-0c4d6ee9d744
CommonProgramFiles(x86)=C:\Program Files (x86)\Common Files
OneDrive=C:\Users\ASUS\OneDrive
WT_PROFILE_ID={61c54bbd-c2c6-5271-96e7-009a87ff44bf}
EnableLog=INFO
SESSIONNAME=Console
TMP=C:\Users\ASUS\AppData\Local\Temp
PROCESSOR_REVISION=4401
PATHEXT=.COM;.EXE;.BAT;.CMD;.VBS;.VBE;.JS;.JSE;.WSF;.WSH;.MSC;.CPL
HERMES_HOME=C:\Users\ASUS\AppData\Local\hermes
GIT_EXEC_PATH=C:/Program Files/Git/mingw64/libexec/git-core
java_home=C:\Program Files\Java\jdk-25
TEMP=C:\Users\ASUS\AppData\Local\Temp
LOCALAPPDATA=C:\Users\ASUS\AppData\Local
MSYSTEM=MINGW64
TERM=xterm-256color
COLORTERM=truecolor
USERDOMAIN=LAPTOP-NGUL725J
ProgramFiles(x86)=C:\Program Files (x86)
Path=C:/Program Files/Git/mingw64/libexec/git-core;C:\Program Files\Git\mingw64\bin;C:\Program Files\Git\usr\bin;C:\Users\ASUS\bin;C:\Program Files\Common Files\Oracle\Java\javapath;C:\Program Files (x86)\Common Files\Oracle\Java\java8path;C:\Program Files (x86)\Common Files\Oracle\Java\javapath;C:\Windows\system32;C:\Windows;C:\Windows\System32\Wbem;C:\Windows\System32\WindowsPowerShell\v1.0\;C:\Windows\System32\OpenSSH\;C:\Program Files (x86)\NVIDIA Corporation\PhysX\Common;C:\Program Files\dotnet\;C:\Program Files\Git\cmd;C:\Program Files\Java\jdk-25\bin;;C:\Program Files\NVIDIA Corporation\NVIDIA App\NvDLISR;C:\Program Files\nodejs\;C:\Users\ASUS\AppData\Local\hermes\hermes-agent\venv\Scripts;C:\Users\ASUS\AppData\Local\hermes\bin;C:\Users\ASUS\.local\bin;C:\Users\ASUS\AppData\Local\Programs\Python\Python313\Scripts\;C:\Users\ASUS\AppData\Local\Programs\Python\Python313\;C:\Users\ASUS\AppData\Local\Microsoft\WindowsApps;C:\Users\ASUS\AppData\Local\Programs\Microsoft VS Code\bin;C:\msys64\ucrt64\bin;C:\Users\ASUS\AppData\Local\Programs\Antigravity IDE\bin;C:\Users\ASUS\AppData\Roaming\npm;C:\Users\ASUS\AppData\Local\Microsoft\WinGet\Packages\BurntSushi.ripgrep.MSVC_Microsoft.Winget.Source_8wekyb3d8bbwe\ripgrep-15.1.0-x86_64-pc-windows-msvc;C:\Users\ASUS\AppData\Local\Microsoft\WinGet\Packages\Gyan.FFmpeg_Microsoft.Winget.Source_8wekyb3d8bbwe\ffmpeg-8.1.1-full_build\bin;C:\Users\ASUS\AppData\Local\Programs\Cua\cua-driver\bin;C:\Users\ASUS\AppData\Local\Kiro-Cli\
PROCESSOR_LEVEL=25
PROCESSOR_IDENTIFIER=AMD64 Family 25 Model 68 Stepping 1, AuthenticAMD
TMPDIR=C:\Users\ASUS\AppData\Local\Temp
PSModulePath=C:\Users\ASUS\OneDrive\Documents\WindowsPowerShell\Modules;C:\Program Files\WindowsPowerShell\Modules;C:\Windows\system32\WindowsPowerShell\v1.0\Modules
PUBLIC=C:\Users\Public
NUMBER_OF_PROCESSORS=16
CommonProgramFiles=C:\Program Files (x86)\Common Files
WT_SESSION=b60e4ba6-bedb-41e5-91c8-3ee8262f4a72
WSLENV=WT_SESSION:WT_PROFILE_ID:
PLINK_PROTOCOL=ssh
ProgramData=C:\ProgramData
ProgramW6432=C:\Program Files
ACSvcPort=17532
ProgramFiles=C:\Program Files (x86)
HERMES_GIT_BASH_PATH=C:\Program Files\Git\bin\bash.exe
RlsSvcPort=22112
SystemRoot=C:\Windows
HOME=C:\Users\ASUS
LC_CTYPE=C.UTF-8
CommonProgramW6432=C:\Program Files\Common Files
LOGONSERVER=\\LAPTOP-NGUL725J
USERPROFILE=C:\Users\ASUS
USERDOMAIN_ROAMINGPROFILE=LAPTOP-NGUL725J
APPDATA=C:\Users\ASUS\AppData\Roaming
HOMEDRIVE=C:
ACSetupSvcPort=23210
VBOX_MSI_INSTALL_PATH=C:\Program Files\Oracle\VirtualBox\
USERNAME=ASUS
PROCESSOR_ARCHITEW6432=AMD64
PROCESSOR_ARCHITECTURE=x86
OS=Windows_NT
ComSpec=C:\Windows\system32\cmd.exe
SystemDrive=C:
windir=C:\Windows
OneDriveConsumer=C:\Users\ASUS\OneDrive
ALLUSERSPROFILE=C:\ProgramData


------------
Diagnostic: File system
Skipped: False
Success: True
Exception: None
Log:
Temporary directory is 'C:\Users\ASUS\AppData\Local\Temp\'...
Checking basic file I/O...
Writing to temporary file 'C:\Users\ASUS\AppData\Local\Temp\8d684a4c81dd74bdda5eace5'... OK
Reading from temporary file 'C:\Users\ASUS\AppData\Local\Temp\8d684a4c81dd74bdda5eace5'... OK
Deleting temporary file 'C:\Users\ASUS\AppData\Local\Temp\8d684a4c81dd74bdda5eace5'... OK
Testing IFileSystem instance...
UserHomePath: C:\Users\ASUS
UserDataDirectoryPath: C:\Users\ASUS\.gcm
GetCurrentDirectory(): D:\Project_RPL\LapNesia

------------
Diagnostic: Networking
Skipped: False
Success: True
Exception: None
Log:
Checking networking and HTTP stack...
Creating HTTP client... OK
IsNetworkAvailable: True
Sending HEAD request to http://example.com...Sending HEAD request to https://example.com... OK
 OK
Acquiring free TCP port... OK
Testing local HTTP loopback connections...
Creating new HTTP listener for http://localhost:51418/... OK
Waiting for loopback connection... OK
Writing response... OK
Waiting for response data... OK
Loopback connection data OK

------------
Diagnostic: Git
Skipped: False
Success: True
Exception: None
Log:
Getting Git version... OK
Git version is '2.50.1.windows.1'
Locating current repository...Git repository at 'D:/Project_RPL/LapNesia/.git'
 OK
Listing all Git configuration... OK
Git configuration:
file:C:/Program Files/Git/etc/gitconfig	diff.astextplain.textconv=astextplain
file:C:/Program Files/Git/etc/gitconfig	filter.lfs.clean=git-lfs clean -- %f
file:C:/Program Files/Git/etc/gitconfig	filter.lfs.smudge=git-lfs smudge -- %f
file:C:/Program Files/Git/etc/gitconfig	filter.lfs.process=git-lfs filter-process
file:C:/Program Files/Git/etc/gitconfig	filter.lfs.required=true
file:C:/Program Files/Git/etc/gitconfig	http.sslbackend=openssl
file:C:/Program Files/Git/etc/gitconfig	http.sslcainfo=C:/Program Files/Git/mingw64/etc/ssl/certs/ca-bundle.crt
file:C:/Program Files/Git/etc/gitconfig	core.autocrlf=true
file:C:/Program Files/Git/etc/gitconfig	core.fscache=true
file:C:/Program Files/Git/etc/gitconfig	core.symlinks=false
file:C:/Program Files/Git/etc/gitconfig	pull.rebase=false
file:C:/Program Files/Git/etc/gitconfig	credential.helper=manager
file:C:/Program Files/Git/etc/gitconfig	credential.https://dev.azure.com.usehttppath=true
file:C:/Program Files/Git/etc/gitconfig	init.defaultbranch=master
file:C:/Users/ASUS/.gitconfig	core.editor="C:\Users\ASUS\AppData\Local\Programs\Microsoft VS Code\bin\code" --wait
file:C:/Users/ASUS/.gitconfig	windows.appendatomically=false
file:C:/Users/ASUS/.gitconfig	user.name=Ranz2025
file:C:/Users/ASUS/.gitconfig	user.email=muhammadfahmi@student.plai.ac.id
file:.git/config	core.repositoryformatversion=0
file:.git/config	core.filemode=false
file:.git/config	core.bare=false
file:.git/config	core.logallrefupdates=true
file:.git/config	core.symlinks=false
file:.git/config	core.ignorecase=true
file:.git/config	user.name=Your Name
file:.git/config	user.email=you@example.com
file:.git/config	remote.origin.url=https://github.com/Ranz2025/Project_LapNesia.git
file:.git/config	remote.origin.fetch=+refs/heads/*:refs/remotes/origin/*


------------
Diagnostic: Credential storage
Skipped: False
Success: True
Exception: None
Log:
ICredentialStore instance is of type: CredentialStore
Writing test credential... OK
Reading test credential... OK
Deleting test credential... OK

------------
Diagnostic: Microsoft authentication (AAD/MSA)
Skipped: False
Success: True
Exception: None
Log:
Broker is not enabled.
Flow type is: Auto
Gathering MSAL token cache data... OK
CacheDirectory: C:\Users\ASUS\AppData\Local\.IdentityService
CacheFileName: msal.cache
CacheFilePath: C:\Users\ASUS\AppData\Local\.IdentityService\msal.cache
Creating cache helper... OK
Verifying MSAL token cache persistence... OK

------------
Diagnostic: GitHub API
Skipped: False
Success: True
Exception: None
Log:
Using 'https://github.com/' as API target.
Querying '/meta' endpoint... OK

